#
# There is insufficient memory for the Java Runtime Environment to continue.
# Native memory allocation (malloc) failed to allocate 32744 bytes for ChunkPool::allocate
# Possible reasons:
#   The system is out of physical RAM or swap space
#   In 32 bit mode, the process size limit was hit
# Possible solutions:
#   Reduce memory load on the system
#   Increase physical memory or swap space
#   Check if swap backing store is full
#   Use 64 bit Java on a 64 bit OS
#   Decrease Java heap size (-Xmx/-Xms)
#   Decrease number of Java threads
#   Decrease Java thread stack sizes (-Xss)
#   Set larger code cache with -XX:ReservedCodeCacheSize=
# This output file may be truncated or incomplete.
#
#  Out of Memory Error (allocation.cpp:273), pid=17340, tid=0x0000000000001878
#
# JRE version: Java(TM) SE Runtime Environment (8.0_181-b13) (build 1.8.0_181-b13)
# Java VM: Java HotSpot(TM) 64-Bit Server VM (25.181-b13 mixed mode windows-amd64 compressed oops)
# Failed to write core dump. Minidumps are not enabled by default on client versions of Windows
#

---------------  T H R E A D  ---------------

Current thread (0x000000001596a800):  JavaThread "C2 CompilerThread0" daemon [_thread_in_native, id=6264, stack(0x0000000017280000,0x0000000017380000)]

Stack: [0x0000000017280000,0x0000000017380000]
[error occurred during error reporting (printing stack bounds), id 0xc0000005]

Native frames: (J=compiled Java code, j=interpreted, Vv=VM code, C=native code)


Current CompileTask:
C2:   8560 3185   !   4       java.net.URLClassLoader$1::run (63 bytes)


---------------  P R O C E S S  ---------------

Java Threads: ( => current thread )
  0x000000001dfec800 JavaThread "Build operations Thread 3" [_thread_blocked, id=10788, stack(0x00000000251f0000,0x00000000252f0000)]
  0x000000001dfe5000 JavaThread "Build operations Thread 2" [_thread_blocked, id=18496, stack(0x00000000250f0000,0x00000000251f0000)]
  0x000000001dfe6000 JavaThread "Build operations" [_thread_blocked, id=16548, stack(0x0000000024ff0000,0x00000000250f0000)]
  0x000000001dfea800 JavaThread "Cache worker for Build Output Cleanup Cache (C:\Users\MetalStyler\Documents\GitHub\Java_mst\Sandbox\.gradle\buildOutputCleanup)" [_thread_blocked, id=18872, stack(0x0000000024ef0000,0x0000000024ff0000)]
  0x000000001dfeb000 JavaThread "Cache worker for task history cache (C:\Users\MetalStyler\Documents\GitHub\Java_mst\Sandbox\.gradle\4.9\taskHistory)" [_thread_blocked, id=2984, stack(0x0000000024df0000,0x0000000024ef0000)]
  0x000000001dfe9000 JavaThread "Task worker for ':' Thread 3" [_thread_blocked, id=18004, stack(0x0000000024cf0000,0x0000000024df0000)]
  0x000000001dfec000 JavaThread "Task worker for ':' Thread 2" [_thread_blocked, id=14876, stack(0x0000000023c00000,0x0000000023d00000)]
  0x000000001dfe8000 JavaThread "Task worker for ':'" [_thread_blocked, id=13412, stack(0x0000000023b00000,0x0000000023c00000)]
  0x000000001dfe7800 JavaThread "Cache worker for file content cache (C:\Users\MetalStyler\Documents\GitHub\Java_mst\Sandbox\.gradle\4.9\fileContent)" [_thread_blocked, id=13360, stack(0x0000000023510000,0x0000000023610000)]
  0x000000001dfe9800 JavaThread "Cache worker for file content cache (C:\Users\MetalStyler\.gradle\caches\4.9\fileContent)" [_thread_blocked, id=8916, stack(0x0000000023410000,0x0000000023510000)]
  0x0000000018f76000 JavaThread "Memory manager" [_thread_blocked, id=12712, stack(0x0000000022e70000,0x0000000022f70000)]
  0x0000000018f70800 JavaThread "Cache worker for Artifact transforms cache (C:\Users\MetalStyler\.gradle\caches\transforms-1)" [_thread_blocked, id=3320, stack(0x0000000022d70000,0x0000000022e70000)]
  0x0000000018f77800 JavaThread "Cache worker for cache directory md-rule (C:\Users\MetalStyler\.gradle\caches\4.9\md-rule)" [_thread_blocked, id=7052, stack(0x000000001f3f0000,0x000000001f4f0000)]
  0x0000000018f73800 JavaThread "Cache worker for cache directory md-supplier (C:\Users\MetalStyler\.gradle\caches\4.9\md-supplier)" [_thread_blocked, id=13452, stack(0x000000001cc90000,0x000000001cd90000)]
  0x0000000018f71800 JavaThread "Cache worker for file hash cache (C:\Users\MetalStyler\Documents\GitHub\Java_mst\Sandbox\.gradle\4.9\fileHashes)" [_thread_blocked, id=8844, stack(0x000000001b9c0000,0x000000001bac0000)]
  0x0000000018f74800 JavaThread "File lock request listener" [_thread_in_native, id=9048, stack(0x000000001b8c0000,0x000000001b9c0000)]
  0x0000000018f73000 JavaThread "Cache worker for file hash cache (C:\Users\MetalStyler\.gradle\caches\4.9\fileHashes)" [_thread_blocked, id=12252, stack(0x000000001b6c0000,0x000000001b7c0000)]
  0x0000000018ea3000 JavaThread "Stdin handler" [_thread_blocked, id=6508, stack(0x000000001a3f0000,0x000000001a4f0000)]
  0x0000000018e99800 JavaThread "Asynchronous log dispatcher for DefaultDaemonConnection: socket connection from /127.0.0.1:51892 to /127.0.0.1:51893" [_thread_blocked, id=5144, stack(0x000000001a2f0000,0x000000001a3f0000)]
  0x0000000018e95000 JavaThread "Daemon worker" [_thread_blocked, id=15956, stack(0x000000001a1f0000,0x000000001a2f0000)]
  0x0000000018e94000 JavaThread "Cancel handler" [_thread_blocked, id=13160, stack(0x000000001a0f0000,0x000000001a1f0000)]
  0x0000000018d26800 JavaThread "Handler for socket connection from /127.0.0.1:51892 to /127.0.0.1:51893" [_thread_in_native, id=17304, stack(0x0000000019df0000,0x0000000019ef0000)]
  0x0000000018d29800 JavaThread "Daemon" [_thread_blocked, id=6276, stack(0x0000000019cf0000,0x0000000019df0000)]
  0x0000000018d1f000 JavaThread "Daemon periodic checks" [_thread_blocked, id=17468, stack(0x0000000019bf0000,0x0000000019cf0000)]
  0x0000000018d1c000 JavaThread "Incoming local TCP Connector on port 51892" [_thread_in_native, id=7224, stack(0x00000000199b0000,0x0000000019ab0000)]
  0x0000000018a35800 JavaThread "Daemon health stats" [_thread_blocked, id=14048, stack(0x0000000019350000,0x0000000019450000)]
  0x00000000174c6800 JavaThread "Service Thread" daemon [_thread_blocked, id=10244, stack(0x0000000017980000,0x0000000017a80000)]
  0x00000000174b8800 JavaThread "C1 CompilerThread2" daemon [_thread_blocked, id=8584, stack(0x0000000017880000,0x0000000017980000)]
  0x0000000015962000 JavaThread "C2 CompilerThread1" daemon [_thread_in_native, id=18348, stack(0x0000000017380000,0x0000000017480000)]
=>0x000000001596a800 JavaThread "C2 CompilerThread0" daemon [_thread_in_native, id=6264, stack(0x0000000017280000,0x0000000017380000)]
  0x0000000015952000 JavaThread "JDWP Command Reader" daemon [_thread_in_native, id=13036, stack(0x0000000017180000,0x0000000017280000)]
  0x000000001594e800 JavaThread "JDWP Event Helper Thread" daemon [_thread_blocked, id=11520, stack(0x0000000017080000,0x0000000017180000)]
  0x0000000015940800 JavaThread "JDWP Transport Listener: dt_socket" daemon [_thread_blocked, id=7572, stack(0x0000000016f80000,0x0000000017080000)]
  0x0000000015937000 JavaThread "Attach Listener" daemon [_thread_blocked, id=3076, stack(0x0000000016e80000,0x0000000016f80000)]
  0x0000000015935800 JavaThread "Signal Dispatcher" daemon [_thread_blocked, id=6416, stack(0x0000000016d80000,0x0000000016e80000)]
  0x000000000325b000 JavaThread "Finalizer" daemon [_thread_blocked, id=8956, stack(0x0000000016b80000,0x0000000016c80000)]
  0x0000000003252000 JavaThread "Reference Handler" daemon [_thread_blocked, id=17536, stack(0x0000000016a80000,0x0000000016b80000)]
  0x0000000003162800 JavaThread "main" [_thread_blocked, id=7340, stack(0x0000000002fd0000,0x00000000030d0000)]

Other Threads:
  0x00000000158f8000 VMThread [stack: 0x0000000016980000,0x0000000016a80000] [id=11636]
  0x000000001595d000 WatcherThread [stack: 0x0000000017a80000,0x0000000017b80000] [id=12412]

VM state:at safepoint (normal execution)

VM Mutex/Monitor currently owned by a thread:  ([mutex/lock_event])
[0x000000000315e240] Threads_lock - owner thread: 0x00000000158f8000
[0x000000000315e5c0] Heap_lock - owner thread: 0x000000001dfe8000

Heap:
 PSYoungGen      total 77312K, used 66048K [0x00000000eab00000, 0x00000000f1700000, 0x0000000100000000)
  eden space 66048K, 100% used [0x00000000eab00000,0x00000000eeb80000,0x00000000eeb80000)
  from space 11264K, 0% used [0x00000000eeb80000,0x00000000eeb80000,0x00000000ef680000)
  to   space 10752K, 42% used [0x00000000f0c80000,0x00000000f10ec050,0x00000000f1700000)
 ParOldGen       total 62976K, used 14707K [0x00000000c0000000, 0x00000000c3d80000, 0x00000000eab00000)
  object space 62976K, 23% used [0x00000000c0000000,0x00000000c0e5cef8,0x00000000c3d80000)
 Metaspace       used 41614K, capacity 42142K, committed 42624K, reserved 1085440K
  class space    used 5949K, capacity 6161K, committed 6272K, reserved 1048576K

Card table byte_map: [0x0000000012620000,0x0000000012830000] byte_map_base: 0x0000000012020000

Marking Bits: (ParMarkBitMap*) 0x0000000051032d00
 Begin Bits: [0x0000000012d90000, 0x0000000013d90000)
 End Bits:   [0x0000000013d90000, 0x0000000014d90000)

Polling page: 0x00000000013f0000

CodeCache: size=245760Kb used=13409Kb max_used=13410Kb free=232350Kb
 bounds [0x0000000003260000, 0x0000000003f90000, 0x0000000012260000]
 total_blobs=3875 nmethods=3143 adapters=651
 compilation: enabled

Compilation events (10 events):
Event: 8.351 Thread 0x00000000174b8800 3187       3       com.sun.tools.javac.util.Context::checkState (13 bytes)
Event: 8.351 Thread 0x00000000174b8800 nmethod 3187 0x0000000003f74c50 code [0x0000000003f74dc0, 0x0000000003f75008]
Event: 8.412 Thread 0x00000000174b8800 3188       3       com.sun.tools.javac.util.UnsharedNameTable::fromChars (28 bytes)
Event: 8.412 Thread 0x00000000174b8800 nmethod 3188 0x0000000003f7e410 code [0x0000000003f7e580, 0x0000000003f7e818]
Event: 8.412 Thread 0x00000000174b8800 3189       1       com.sun.tools.javac.util.UnsharedNameTable$NameImpl::getIndex (5 bytes)
Event: 8.413 Thread 0x00000000174b8800 nmethod 3189 0x0000000003f74990 code [0x0000000003f74ae0, 0x0000000003f74bf0]
Event: 8.414 Thread 0x00000000174b8800 3190       3       com.sun.tools.javac.util.Context::uncheckedCast (2 bytes)
Event: 8.414 Thread 0x00000000174b8800 nmethod 3190 0x0000000003f7e110 code [0x0000000003f7e260, 0x0000000003f7e390]
Event: 8.445 Thread 0x00000000174b8800 3191       3       com.sun.tools.javac.util.Context::get (82 bytes)
Event: 8.446 Thread 0x00000000174b8800 nmethod 3191 0x0000000003f7c550 code [0x0000000003f7c7c0, 0x0000000003f7d718]

GC Heap History (10 events):
Event: 4.045 GC heap after
Heap after GC invocations=7 (full 1):
 PSYoungGen      total 56832K, used 4735K [0x00000000eab00000, 0x00000000efb80000, 0x0000000100000000)
  eden space 51712K, 0% used [0x00000000eab00000,0x00000000eab00000,0x00000000edd80000)
  from space 5120K, 92% used [0x00000000ef680000,0x00000000efb1fcc8,0x00000000efb80000)
  to   space 10752K, 0% used [0x00000000ee680000,0x00000000ee680000,0x00000000ef100000)
 ParOldGen       total 62976K, used 9068K [0x00000000c0000000, 0x00000000c3d80000, 0x00000000eab00000)
  object space 62976K, 14% used [0x00000000c0000000,0x00000000c08db2a0,0x00000000c3d80000)
 Metaspace       used 25914K, capacity 26252K, committed 26496K, reserved 1073152K
  class space    used 3500K, capacity 3638K, committed 3712K, reserved 1048576K
}
Event: 4.888 GC heap before
{Heap before GC invocations=8 (full 1):
 PSYoungGen      total 56832K, used 56447K [0x00000000eab00000, 0x00000000efb80000, 0x0000000100000000)
  eden space 51712K, 100% used [0x00000000eab00000,0x00000000edd80000,0x00000000edd80000)
  from space 5120K, 92% used [0x00000000ef680000,0x00000000efb1fcc8,0x00000000efb80000)
  to   space 10752K, 0% used [0x00000000ee680000,0x00000000ee680000,0x00000000ef100000)
 ParOldGen       total 62976K, used 9068K [0x00000000c0000000, 0x00000000c3d80000, 0x00000000eab00000)
  object space 62976K, 14% used [0x00000000c0000000,0x00000000c08db2a0,0x00000000c3d80000)
 Metaspace       used 29424K, capacity 29762K, committed 30080K, reserved 1075200K
  class space    used 4084K, capacity 4224K, committed 4224K, reserved 1048576K
Event: 4.900 GC heap after
Heap after GC invocations=8 (full 1):
 PSYoungGen      total 62464K, used 7248K [0x00000000eab00000, 0x00000000efb80000, 0x0000000100000000)
  eden space 51712K, 0% used [0x00000000eab00000,0x00000000eab00000,0x00000000edd80000)
  from space 10752K, 67% used [0x00000000ee680000,0x00000000eed94278,0x00000000ef100000)
  to   space 5120K, 0% used [0x00000000ef680000,0x00000000ef680000,0x00000000efb80000)
 ParOldGen       total 62976K, used 9076K [0x00000000c0000000, 0x00000000c3d80000, 0x00000000eab00000)
  object space 62976K, 14% used [0x00000000c0000000,0x00000000c08dd2a0,0x00000000c3d80000)
 Metaspace       used 29424K, capacity 29762K, committed 30080K, reserved 1075200K
  class space    used 4084K, capacity 4224K, committed 4224K, reserved 1048576K
}
Event: 5.865 GC heap before
{Heap before GC invocations=9 (full 1):
 PSYoungGen      total 62464K, used 58960K [0x00000000eab00000, 0x00000000efb80000, 0x0000000100000000)
  eden space 51712K, 100% used [0x00000000eab00000,0x00000000edd80000,0x00000000edd80000)
  from space 10752K, 67% used [0x00000000ee680000,0x00000000eed94278,0x00000000ef100000)
  to   space 5120K, 0% used [0x00000000ef680000,0x00000000ef680000,0x00000000efb80000)
 ParOldGen       total 62976K, used 9076K [0x00000000c0000000, 0x00000000c3d80000, 0x00000000eab00000)
  object space 62976K, 14% used [0x00000000c0000000,0x00000000c08dd2a0,0x00000000c3d80000)
 Metaspace       used 33321K, capacity 33894K, committed 34176K, reserved 1079296K
  class space    used 4673K, capacity 4868K, committed 4992K, reserved 1048576K
Event: 5.878 GC heap after
Heap after GC invocations=9 (full 1):
 PSYoungGen      total 71168K, used 5088K [0x00000000eab00000, 0x00000000f0e80000, 0x0000000100000000)
  eden space 66048K, 0% used [0x00000000eab00000,0x00000000eab00000,0x00000000eeb80000)
  from space 5120K, 99% used [0x00000000ef680000,0x00000000efb78020,0x00000000efb80000)
  to   space 11264K, 0% used [0x00000000eeb80000,0x00000000eeb80000,0x00000000ef680000)
 ParOldGen       total 62976K, used 12975K [0x00000000c0000000, 0x00000000c3d80000, 0x00000000eab00000)
  object space 62976K, 20% used [0x00000000c0000000,0x00000000c0cabe20,0x00000000c3d80000)
 Metaspace       used 33321K, capacity 33894K, committed 34176K, reserved 1079296K
  class space    used 4673K, capacity 4868K, committed 4992K, reserved 1048576K
}
Event: 6.223 GC heap before
{Heap before GC invocations=10 (full 1):
 PSYoungGen      total 71168K, used 33335K [0x00000000eab00000, 0x00000000f0e80000, 0x0000000100000000)
  eden space 66048K, 42% used [0x00000000eab00000,0x00000000ec695cb0,0x00000000eeb80000)
  from space 5120K, 99% used [0x00000000ef680000,0x00000000efb78020,0x00000000efb80000)
  to   space 11264K, 0% used [0x00000000eeb80000,0x00000000eeb80000,0x00000000ef680000)
 ParOldGen       total 62976K, used 12975K [0x00000000c0000000, 0x00000000c3d80000, 0x00000000eab00000)
  object space 62976K, 20% used [0x00000000c0000000,0x00000000c0cabe20,0x00000000c3d80000)
 Metaspace       used 34656K, capacity 35230K, committed 35496K, reserved 1079296K
  class space    used 4911K, capacity 5099K, committed 5120K, reserved 1048576K
Event: 6.232 GC heap after
Heap after GC invocations=10 (full 1):
 PSYoungGen      total 77312K, used 5177K [0x00000000eab00000, 0x00000000f1700000, 0x0000000100000000)
  eden space 66048K, 0% used [0x00000000eab00000,0x00000000eab00000,0x00000000eeb80000)
  from space 11264K, 45% used [0x00000000eeb80000,0x00000000ef08e650,0x00000000ef680000)
  to   space 10752K, 0% used [0x00000000f0c80000,0x00000000f0c80000,0x00000000f1700000)
 ParOldGen       total 62976K, used 15123K [0x00000000c0000000, 0x00000000c3d80000, 0x00000000eab00000)
  object space 62976K, 24% used [0x00000000c0000000,0x00000000c0ec4e60,0x00000000c3d80000)
 Metaspace       used 34656K, capacity 35230K, committed 35496K, reserved 1079296K
  class space    used 4911K, capacity 5099K, committed 5120K, reserved 1048576K
}
Event: 6.232 GC heap before
{Heap before GC invocations=11 (full 2):
 PSYoungGen      total 77312K, used 5177K [0x00000000eab00000, 0x00000000f1700000, 0x0000000100000000)
  eden space 66048K, 0% used [0x00000000eab00000,0x00000000eab00000,0x00000000eeb80000)
  from space 11264K, 45% used [0x00000000eeb80000,0x00000000ef08e650,0x00000000ef680000)
  to   space 10752K, 0% used [0x00000000f0c80000,0x00000000f0c80000,0x00000000f1700000)
 ParOldGen       total 62976K, used 15123K [0x00000000c0000000, 0x00000000c3d80000, 0x00000000eab00000)
  object space 62976K, 24% used [0x00000000c0000000,0x00000000c0ec4e60,0x00000000c3d80000)
 Metaspace       used 34656K, capacity 35230K, committed 35496K, reserved 1079296K
  class space    used 4911K, capacity 5099K, committed 5120K, reserved 1048576K
Event: 6.331 GC heap after
Heap after GC invocations=11 (full 2):
 PSYoungGen      total 77312K, used 0K [0x00000000eab00000, 0x00000000f1700000, 0x0000000100000000)
  eden space 66048K, 0% used [0x00000000eab00000,0x00000000eab00000,0x00000000eeb80000)
  from space 11264K, 0% used [0x00000000eeb80000,0x00000000eeb80000,0x00000000ef680000)
  to   space 10752K, 0% used [0x00000000f0c80000,0x00000000f0c80000,0x00000000f1700000)
 ParOldGen       total 62976K, used 14699K [0x00000000c0000000, 0x00000000c3d80000, 0x00000000eab00000)
  object space 62976K, 23% used [0x00000000c0000000,0x00000000c0e5aef8,0x00000000c3d80000)
 Metaspace       used 34610K, capacity 35096K, committed 35496K, reserved 1079296K
  class space    used 4895K, capacity 5053K, committed 5120K, reserved 1048576K
}
Event: 8.463 GC heap before
{Heap before GC invocations=12 (full 2):
 PSYoungGen      total 77312K, used 66048K [0x00000000eab00000, 0x00000000f1700000, 0x0000000100000000)
  eden space 66048K, 100% used [0x00000000eab00000,0x00000000eeb80000,0x00000000eeb80000)
  from space 11264K, 0% used [0x00000000eeb80000,0x00000000eeb80000,0x00000000ef680000)
  to   space 10752K, 0% used [0x00000000f0c80000,0x00000000f0c80000,0x00000000f1700000)
 ParOldGen       total 62976K, used 14699K [0x00000000c0000000, 0x00000000c3d80000, 0x00000000eab00000)
  object space 62976K, 23% used [0x00000000c0000000,0x00000000c0e5aef8,0x00000000c3d80000)
 Metaspace       used 41614K, capacity 42142K, committed 42624K, reserved 1085440K
  class space    used 5949K, capacity 6161K, committed 6272K, reserved 1048576K

Deoptimization events (10 events):
Event: 6.125 Thread 0x0000000018e95000 Uncommon trap: reason=class_check action=maybe_recompile pc=0x0000000003cf5d64 method=org.codehaus.groovy.runtime.metaclass.MetaMethodIndex.addMethodToList(Ljava/lang/Object;Lgroovy/lang/MetaMethod;)Ljava/lang/Object; @ 220
Event: 6.125 Thread 0x0000000018e95000 Uncommon trap: reason=class_check action=maybe_recompile pc=0x0000000003cf5d64 method=org.codehaus.groovy.runtime.metaclass.MetaMethodIndex.addMethodToList(Ljava/lang/Object;Lgroovy/lang/MetaMethod;)Ljava/lang/Object; @ 220
Event: 6.363 Thread 0x0000000018e95000 Uncommon trap: reason=range_check action=make_not_entrant pc=0x0000000003e35910 method=java.lang.String.charAt(I)C @ 27
Event: 6.757 Thread 0x0000000018e95000 Uncommon trap: reason=unstable_if action=reinterpret pc=0x0000000003e08f54 method=org.codehaus.groovy.reflection.CachedMethod.compareToMethod(Ljava/lang/reflect/Method;)I @ 111
Event: 7.197 Thread 0x0000000018e95000 Uncommon trap: reason=unstable_if action=reinterpret pc=0x0000000003e2607c method=org.gradle.internal.reflect.PropertyAccessorType.of(Ljava/lang/reflect/Method;)Lorg/gradle/internal/reflect/PropertyAccessorType; @ 4
Event: 7.372 Thread 0x0000000018e95000 Uncommon trap: reason=unstable_if action=reinterpret pc=0x0000000003e5f6a8 method=java.util.TreeMap.getEntry(Ljava/lang/Object;)Ljava/util/TreeMap$Entry; @ 4
Event: 7.373 Thread 0x0000000018e95000 Uncommon trap: reason=predicate action=maybe_recompile pc=0x0000000003ee8cb8 method=java.util.Arrays.binarySearch0([Ljava/lang/Object;IILjava/lang/Object;Ljava/util/Comparator;)I @ 28
Event: 7.378 Thread 0x0000000018e95000 Uncommon trap: reason=unstable_if action=reinterpret pc=0x0000000003dffa34 method=java.util.Arrays.equals([Ljava/lang/Object;[Ljava/lang/Object;)Z @ 23
Event: 7.782 Thread 0x000000001dfe5000 Uncommon trap: reason=unstable_if action=reinterpret pc=0x00000000037cd7d8 method=java.util.concurrent.ConcurrentHashMap.addCount(JI)V @ 34
Event: 7.796 Thread 0x000000001dfe8000 Uncommon trap: reason=unstable_if action=reinterpret pc=0x00000000036e65d0 method=java.util.concurrent.ConcurrentHashMap.addCount(JI)V @ 7

Classes redefined (0 events):
No events

Internal exceptions (10 events):
Event: 7.144 Thread 0x0000000018e95000 Exception <a 'java/lang/ClassNotFoundException': org/gradle/api/internal/tasks/DefaultSourceSetContainerCustomizer> (0x00000000ebcca050) thrown at [C:\re\workspace\8-2-build-windows-amd64-cygwin\jdk8u181\11358\hotspot\src\share\vm\classfile\systemDictiona
Event: 7.145 Thread 0x0000000018e95000 Exception <a 'java/lang/ClassNotFoundException': org/gradle/api/internal/tasks/DefaultSourceSetContainer_DecoratedCustomizer> (0x00000000ebd09f08) thrown at [C:\re\workspace\8-2-build-windows-amd64-cygwin\jdk8u181\11358\hotspot\src\share\vm\classfile\syst
Event: 7.149 Thread 0x0000000018e95000 Exception <a 'java/lang/ClassNotFoundException': org/gradle/api/internal/tasks/DefaultSourceSet_DecoratedBeanInfo> (0x00000000ebda1ae8) thrown at [C:\re\workspace\8-2-build-windows-amd64-cygwin\jdk8u181\11358\hotspot\src\share\vm\classfile\systemDictionar
Event: 7.152 Thread 0x0000000018e95000 Exception <a 'java/lang/ClassNotFoundException': org/gradle/api/internal/tasks/DefaultSourceSetBeanInfo> (0x00000000ebdc82c8) thrown at [C:\re\workspace\8-2-build-windows-amd64-cygwin\jdk8u181\11358\hotspot\src\share\vm\classfile\systemDictionary.cpp, lin
Event: 7.152 Thread 0x0000000018e95000 Exception <a 'java/lang/ClassNotFoundException': org/gradle/api/internal/tasks/DefaultSourceSetCustomizer> (0x00000000ebdefdb0) thrown at [C:\re\workspace\8-2-build-windows-amd64-cygwin\jdk8u181\11358\hotspot\src\share\vm\classfile\systemDictionary.cpp, l
Event: 7.154 Thread 0x0000000018e95000 Exception <a 'java/lang/ClassNotFoundException': org/gradle/api/internal/tasks/DefaultSourceSet_DecoratedCustomizer> (0x00000000ebe43608) thrown at [C:\re\workspace\8-2-build-windows-amd64-cygwin\jdk8u181\11358\hotspot\src\share\vm\classfile\systemDiction
Event: 7.159 Thread 0x0000000018e95000 Exception <a 'java/lang/ClassNotFoundException': java/lang/SystemBeanInfo> (0x00000000ebeca4a8) thrown at [C:\re\workspace\8-2-build-windows-amd64-cygwin\jdk8u181\11358\hotspot\src\share\vm\classfile\systemDictionary.cpp, line 210]
Event: 7.160 Thread 0x0000000018e95000 Exception <a 'java/lang/ClassNotFoundException': java/lang/SystemCustomizer> (0x00000000ebed2020) thrown at [C:\re\workspace\8-2-build-windows-amd64-cygwin\jdk8u181\11358\hotspot\src\share\vm\classfile\systemDictionary.cpp, line 210]
Event: 7.560 Thread 0x000000001dfe8000 Exception <a 'java/lang/NoSuchMethodError': <clinit>> (0x00000000ed0b2f58) thrown at [C:\re\workspace\8-2-build-windows-amd64-cygwin\jdk8u181\11358\hotspot\src\share\vm\prims\jni.cpp, line 1613]
Event: 7.564 Thread 0x000000001dfe8000 Exception <a 'java/lang/NoSuchMethodError': <clinit>> (0x00000000ed0be468) thrown at [C:\re\workspace\8-2-build-windows-amd64-cygwin\jdk8u181\11358\hotspot\src\share\vm\prims\jni.cpp, line 1613]

Events (10 events):
Event: 8.458 loading class com/sun/tools/javac/util/RichDiagnosticFormatter$RichPrinter done
Event: 8.461 loading class com/sun/tools/javac/util/RichDiagnosticFormatter$WhereClauseKind
Event: 8.461 loading class com/sun/tools/javac/util/RichDiagnosticFormatter$WhereClauseKind done
Event: 8.462 loading class com/sun/tools/javac/util/RichDiagnosticFormatter$RichConfiguration$RichFormatterFeature
Event: 8.462 loading class com/sun/tools/javac/util/RichDiagnosticFormatter$RichConfiguration$RichFormatterFeature done
Event: 8.462 loading class com/sun/tools/javac/util/DiagnosticSource
Event: 8.462 loading class com/sun/tools/javac/util/DiagnosticSource done
Event: 8.462 loading class com/sun/tools/javac/util/DiagnosticSource$1
Event: 8.462 loading class com/sun/tools/javac/util/DiagnosticSource$1 done
Event: 8.463 Executing VM operation: ParallelGCFailedAllocation


Dynamic libraries:
0x00007ff6654e0000 - 0x00007ff665517000 	C:\Program Files\Java\jdk1.8.0_181\bin\java.exe
0x00007ffadc570000 - 0x00007ffadc751000 	C:\WINDOWS\SYSTEM32\ntdll.dll
0x00007ffadc2f0000 - 0x00007ffadc3a2000 	C:\WINDOWS\System32\KERNEL32.DLL
0x00007ffad94c0000 - 0x00007ffad9733000 	C:\WINDOWS\System32\KERNELBASE.dll
0x00007ffadb910000 - 0x00007ffadb9b1000 	C:\WINDOWS\System32\ADVAPI32.dll
0x00007ffadbbd0000 - 0x00007ffadbc6e000 	C:\WINDOWS\System32\msvcrt.dll
0x00007ffadbc70000 - 0x00007ffadbccb000 	C:\WINDOWS\System32\sechost.dll
0x00007ffad9e90000 - 0x00007ffad9fb4000 	C:\WINDOWS\System32\RPCRT4.dll
0x00007ffadbcd0000 - 0x00007ffadbe60000 	C:\WINDOWS\System32\USER32.dll
0x00007ffad8a50000 - 0x00007ffad8a70000 	C:\WINDOWS\System32\win32u.dll
0x00007ffada4a0000 - 0x00007ffada4c8000 	C:\WINDOWS\System32\GDI32.dll
0x00007ffad9860000 - 0x00007ffad99f2000 	C:\WINDOWS\System32\gdi32full.dll
0x00007ffad9740000 - 0x00007ffad97df000 	C:\WINDOWS\System32\msvcp_win.dll
0x00007ffad8a70000 - 0x00007ffad8b6a000 	C:\WINDOWS\System32\ucrtbase.dll
0x00007ffacedb0000 - 0x00007ffacf019000 	C:\WINDOWS\WinSxS\amd64_microsoft.windows.common-controls_6595b64144ccf1df_6.0.17134.228_none_fb4599993062b194\COMCTL32.dll
0x00007ffad9b60000 - 0x00007ffad9e83000 	C:\WINDOWS\System32\combase.dll
0x00007ffad97e0000 - 0x00007ffad985a000 	C:\WINDOWS\System32\bcryptPrimitives.dll
0x00007ffadbba0000 - 0x00007ffadbbcd000 	C:\WINDOWS\System32\IMM32.DLL
0x0000000052ea0000 - 0x0000000052f72000 	C:\Program Files\Java\jdk1.8.0_181\jre\bin\msvcr100.dll
0x0000000050810000 - 0x00000000510b2000 	C:\Program Files\Java\jdk1.8.0_181\jre\bin\server\jvm.dll
0x00007ffada490000 - 0x00007ffada498000 	C:\WINDOWS\System32\PSAPI.DLL
0x00007ffab8750000 - 0x00007ffab8759000 	C:\WINDOWS\SYSTEM32\WSOCK32.dll
0x00007ffad3910000 - 0x00007ffad3933000 	C:\WINDOWS\SYSTEM32\WINMM.dll
0x00007ffad2310000 - 0x00007ffad231a000 	C:\WINDOWS\SYSTEM32\VERSION.dll
0x00007ffadc420000 - 0x00007ffadc48c000 	C:\WINDOWS\System32\WS2_32.dll
0x00007ffad38e0000 - 0x00007ffad390a000 	C:\WINDOWS\SYSTEM32\winmmbase.dll
0x00007ffad9280000 - 0x00007ffad92c9000 	C:\WINDOWS\System32\cfgmgr32.dll
0x0000000052e90000 - 0x0000000052e9f000 	C:\Program Files\Java\jdk1.8.0_181\jre\bin\verify.dll
0x0000000052e60000 - 0x0000000052e89000 	C:\Program Files\Java\jdk1.8.0_181\jre\bin\java.dll
0x0000000052db0000 - 0x0000000052de5000 	C:\Program Files\Java\jdk1.8.0_181\jre\bin\jdwp.dll
0x0000000052da0000 - 0x0000000052da8000 	C:\Program Files\Java\jdk1.8.0_181\jre\bin\npt.dll
0x0000000052e40000 - 0x0000000052e56000 	C:\Program Files\Java\jdk1.8.0_181\jre\bin\zip.dll
0x00007ffada4d0000 - 0x00007ffadb910000 	C:\WINDOWS\System32\SHELL32.dll
0x00007ffadc490000 - 0x00007ffadc539000 	C:\WINDOWS\System32\shcore.dll
0x00007ffad8b70000 - 0x00007ffad927d000 	C:\WINDOWS\System32\windows.storage.dll
0x00007ffadb9c0000 - 0x00007ffadba11000 	C:\WINDOWS\System32\shlwapi.dll
0x00007ffad8880000 - 0x00007ffad8891000 	C:\WINDOWS\System32\kernel.appcore.dll
0x00007ffad8920000 - 0x00007ffad893f000 	C:\WINDOWS\System32\profapi.dll
0x00007ffad88d0000 - 0x00007ffad891c000 	C:\WINDOWS\System32\powrprof.dll
0x00007ffad88c0000 - 0x00007ffad88ca000 	C:\WINDOWS\System32\FLTLIB.DLL
0x0000000052d90000 - 0x0000000052d99000 	C:\Program Files\Java\jdk1.8.0_181\jre\bin\dt_socket.dll
0x00007ffad80a0000 - 0x00007ffad8106000 	C:\WINDOWS\system32\mswsock.dll
0x0000000052e20000 - 0x0000000052e3a000 	C:\Program Files\Java\jdk1.8.0_181\jre\bin\net.dll
0x0000000052e00000 - 0x0000000052e11000 	C:\Program Files\Java\jdk1.8.0_181\jre\bin\nio.dll
0x00007ffac5750000 - 0x00007ffac576e000 	C:\Users\MetalStyler\.gradle\native\25\windows-amd64\native-platform.dll
0x0000000052df0000 - 0x0000000052dfd000 	C:\Program Files\Java\jdk1.8.0_181\jre\bin\management.dll
0x00007ffad82b0000 - 0x00007ffad82c7000 	C:\WINDOWS\SYSTEM32\CRYPTSP.dll
0x00007ffad7c80000 - 0x00007ffad7cb3000 	C:\WINDOWS\system32\rsaenh.dll
0x00007ffad83e0000 - 0x00007ffad8405000 	C:\WINDOWS\SYSTEM32\bcrypt.dll
0x00007ffad8780000 - 0x00007ffad87a8000 	C:\WINDOWS\SYSTEM32\USERENV.dll
0x00007ffad82d0000 - 0x00007ffad82db000 	C:\WINDOWS\SYSTEM32\CRYPTBASE.dll
0x00007ffad7e20000 - 0x00007ffad7e58000 	C:\WINDOWS\SYSTEM32\IPHLPAPI.DLL
0x00007ffadbf30000 - 0x00007ffadbf38000 	C:\WINDOWS\System32\NSI.dll
0x00007ffad1900000 - 0x00007ffad1916000 	C:\WINDOWS\SYSTEM32\dhcpcsvc6.DLL
0x00007ffad1a70000 - 0x00007ffad1a8a000 	C:\WINDOWS\SYSTEM32\dhcpcsvc.DLL

VM Arguments:
jvm_args: -XX:+HeapDumpOnOutOfMemoryError -agentlib:jdwp=transport=dt_socket,server=n,suspend=y,address=51888 -Xmx1024m -Dfile.encoding=windows-1251 -Duser.country=RU -Duser.language=ru -Duser.variant 
java_command: org.gradle.launcher.daemon.bootstrap.GradleDaemon 4.9
java_class_path (initial): C:\Users\MetalStyler\.gradle\wrapper\dists\gradle-4.9-all\491wbe0x5d54n9cojs2p0zv90\gradle-4.9\lib\gradle-launcher-4.9.jar
Launcher Type: SUN_STANDARD

Environment Variables:
JAVA_HOME=C:\Program Files\Java\jdk1.8.0_181
PATH=C:\Program Files (x86)\Common Files\Oracle\Java\javapath;C:\Program Files (x86)\Intel\iCLS Client\;C:\app\MetalStyler\product\11.2.0\client_1\bin;C:\app\MetalStyler\product\11.2.0\dbhome_1\bin;C:\ProgramData\Oracle\Java\javapath;C:\Program Files\Intel\iCLS Client\;C:\WINDOWS\system32;C:\WINDOWS;C:\WINDOWS\System32\Wbem;C:\WINDOWS\System32\WindowsPowerShell\v1.0\;C:\Program Files\Intel\WiFi\bin\;C:\Program Files\Common Files\Intel\WirelessCommon\;C:\Program Files\Git\cmd;C:\Program Files (x86)\Intel\Intel(R) Management Engine Components\DAL;C:\Program Files\Intel\Intel(R) Management Engine Components\DAL;C:\Program Files (x86)\Intel\Intel(R) Management Engine Components\IPT;C:\Program Files\Intel\Intel(R) Management Engine Components\IPT;C:\WINDOWS\System32\OpenSSH\;C:\Program Files\Java\jdk1.8.0_181\bin;C:\Users\MetalStyler\AppData\Local\Programs\Python\Python36-32\Scripts\;C:\Users\MetalStyler\AppData\Local\Programs\Python\Python36-32\;C:\Users\MetalStyler\AppData\Local\Microsoft\WindowsApps;C:\Users\MetalStyler\AppData\Local\GitHubDesktop\bin
USERNAME=MetalStyler
OS=Windows_NT
PROCESSOR_IDENTIFIER=Intel64 Family 6 Model 142 Stepping 9, GenuineIntel



---------------  S Y S T E M  ---------------

OS: Windows 10.0 , 64 bit Build 17134 (10.0.17134.1)

CPU:total 4 (initial active 4) (2 cores per cpu, 2 threads per core) family 6 model 142 stepping 9, cmov, cx8, fxsr, mmx, sse, sse2, sse3, ssse3, sse4.1, sse4.2, popcnt, avx, avx2, aes, clmul, erms, 3dnowpref, lzcnt, ht, tsc, tscinvbit, bmi1, bmi2, adx

Memory: 4k page, physical 8283776k(1717920k free), swap 10331776k(5120k free)

vm_info: Java HotSpot(TM) 64-Bit Server VM (25.181-b13) for windows-amd64 JRE (1.8.0_181-b13), built on Jul  7 2018 04:01:33 by "java_re" with MS VC++ 10.0 (VS2010)

time: Tue Sep 04 10:56:46 2018
elapsed time: 8 seconds (0d 0h 0m 8s)

