#
# There is insufficient memory for the Java Runtime Environment to continue.
# Native memory allocation (malloc) failed to allocate 1811056 bytes for Chunk::new
# Possible reasons:
#   The system is out of physical RAM or swap space
#   In 32 bit mode, the process size limit was hit
# Possible solutions:
#   Reduce memory load on the system
#   Increase physical memory or swap space
#   Check if swap backing store is full
#   Use 64 bit Java on a 64 bit OS
#   Decrease Java heap size (-Xmx/-Xms)
#   Decrease number of Java threads
#   Decrease Java thread stack sizes (-Xss)
#   Set larger code cache with -XX:ReservedCodeCacheSize=
# This output file may be truncated or incomplete.
#
#  Out of Memory Error (allocation.cpp:390), pid=16376, tid=0x0000000000003238
#
# JRE version: Java(TM) SE Runtime Environment (8.0_181-b13) (build 1.8.0_181-b13)
# Java VM: Java HotSpot(TM) 64-Bit Server VM (25.181-b13 mixed mode windows-amd64 compressed oops)
# Failed to write core dump. Minidumps are not enabled by default on client versions of Windows
#

---------------  T H R E A D  ---------------

Current thread (0x000000001575d000):  JavaThread "C2 CompilerThread1" daemon [_thread_in_native, id=12856, stack(0x0000000016ec0000,0x0000000016fc0000)]

Stack: [0x0000000016ec0000,0x0000000016fc0000]
[error occurred during error reporting (printing stack bounds), id 0xc0000005]

Native frames: (J=compiled Java code, j=interpreted, Vv=VM code, C=native code)


Current CompileTask:
C2:  16429 2105       4       groovy.lang.MetaClassImpl$1MOPIter::methodNameAction (479 bytes)


---------------  P R O C E S S  ---------------

Java Threads: ( => current thread )
  0x0000000018799800 JavaThread "File lock release action executor" [_thread_blocked, id=14752, stack(0x000000001f010000,0x000000001f110000)]
  0x000000001879a000 JavaThread "Cache worker for file hash cache (C:\Users\MetalStyler\Documents\GitHub\Java_mst\Sandbox\.gradle\4.9\fileHashes)" [_thread_blocked, id=13536, stack(0x000000001ef10000,0x000000001f010000)]
  0x000000001879f800 JavaThread "File lock request listener" [_thread_in_native, id=11200, stack(0x000000001ee10000,0x000000001ef10000)]
  0x0000000018798800 JavaThread "Cache worker for file hash cache (C:\Users\MetalStyler\.gradle\caches\4.9\fileHashes)" [_thread_blocked, id=5372, stack(0x000000001e870000,0x000000001e970000)]
  0x0000000017bc3800 JavaThread "Stdin handler" [_thread_blocked, id=14236, stack(0x0000000019f10000,0x000000001a010000)]
  0x0000000017bb3800 JavaThread "Asynchronous log dispatcher for DefaultDaemonConnection: socket connection from /127.0.0.1:51644 to /127.0.0.1:51648" [_thread_blocked, id=3044, stack(0x0000000019e10000,0x0000000019f10000)]
  0x0000000017bb0000 JavaThread "Daemon worker" [_thread_in_vm, id=4376, stack(0x0000000019d10000,0x0000000019e10000)]
  0x0000000017baf800 JavaThread "Cancel handler" [_thread_blocked, id=17724, stack(0x0000000019c10000,0x0000000019d10000)]
  0x0000000017a56800 JavaThread "Handler for socket connection from /127.0.0.1:51644 to /127.0.0.1:51648" [_thread_in_native, id=17756, stack(0x0000000019910000,0x0000000019a10000)]
  0x0000000017a55800 JavaThread "Daemon" [_thread_blocked, id=16476, stack(0x0000000019810000,0x0000000019910000)]
  0x0000000017ab3800 JavaThread "Daemon periodic checks" [_thread_blocked, id=10096, stack(0x0000000019710000,0x0000000019810000)]
  0x000000001741a800 JavaThread "Incoming local TCP Connector on port 51644" [_thread_in_native, id=15896, stack(0x00000000194d0000,0x00000000195d0000)]
  0x00000000183c9800 JavaThread "Daemon health stats" [_thread_blocked, id=2388, stack(0x0000000018e90000,0x0000000018f90000)]
  0x00000000157ae800 JavaThread "Service Thread" daemon [_thread_blocked, id=18684, stack(0x00000000174c0000,0x00000000175c0000)]
  0x0000000015766000 JavaThread "C1 CompilerThread2" daemon [_thread_blocked, id=12844, stack(0x0000000016fc0000,0x00000000170c0000)]
=>0x000000001575d000 JavaThread "C2 CompilerThread1" daemon [_thread_in_native, id=12856, stack(0x0000000016ec0000,0x0000000016fc0000)]
  0x0000000015758800 JavaThread "C2 CompilerThread0" daemon [_thread_blocked, id=4696, stack(0x0000000016dc0000,0x0000000016ec0000)]
  0x0000000015756800 JavaThread "Attach Listener" daemon [_thread_blocked, id=4808, stack(0x0000000016cc0000,0x0000000016dc0000)]
  0x0000000015755000 JavaThread "Signal Dispatcher" daemon [_thread_blocked, id=3824, stack(0x0000000016bc0000,0x0000000016cc0000)]
  0x0000000002ffb000 JavaThread "Finalizer" daemon [_thread_blocked, id=13520, stack(0x00000000169c0000,0x0000000016ac0000)]
  0x0000000002ff2000 JavaThread "Reference Handler" daemon [_thread_blocked, id=15516, stack(0x00000000168c0000,0x00000000169c0000)]
  0x000000000307e800 JavaThread "main" [_thread_blocked, id=5200, stack(0x0000000001620000,0x0000000001720000)]

Other Threads:
  0x0000000015717800 VMThread [stack: 0x00000000167c0000,0x00000000168c0000] [id=18368]
  0x0000000017105000 WatcherThread [stack: 0x00000000175c0000,0x00000000176c0000] [id=18180]

VM state:not at safepoint (normal execution)

VM Mutex/Monitor currently owned by a thread: None

Heap:
 PSYoungGen      total 43520K, used 21776K [0x00000000eab00000, 0x00000000eed80000, 0x0000000100000000)
  eden space 32768K, 55% used [0x00000000eab00000,0x00000000ebca5870,0x00000000ecb00000)
  from space 10752K, 34% used [0x00000000ed580000,0x00000000ed91e8b8,0x00000000ee000000)
  to   space 10752K, 0% used [0x00000000ecb00000,0x00000000ecb00000,0x00000000ed580000)
 ParOldGen       total 68096K, used 8679K [0x00000000c0000000, 0x00000000c4280000, 0x00000000eab00000)
  object space 68096K, 12% used [0x00000000c0000000,0x00000000c0879cb8,0x00000000c4280000)
 Metaspace       used 25253K, capacity 25518K, committed 25728K, reserved 1071104K
  class space    used 3580K, capacity 3706K, committed 3712K, reserved 1048576K

Card table byte_map: [0x0000000012440000,0x0000000012650000] byte_map_base: 0x0000000011e40000

Marking Bits: (ParMarkBitMap*) 0x0000000051032d00
 Begin Bits: [0x0000000012bb0000, 0x0000000013bb0000)
 End Bits:   [0x0000000013bb0000, 0x0000000014bb0000)

Polling page: 0x0000000000de0000

CodeCache: size=245760Kb used=7886Kb max_used=7973Kb free=237873Kb
 bounds [0x0000000003080000, 0x0000000003860000, 0x0000000012080000]
 total_blobs=2637 nmethods=1990 adapters=559
 compilation: enabled

Compilation events (10 events):
Event: 16.394 Thread 0x0000000015766000 nmethod 2181 0x000000000384b1d0 code [0x000000000384b3c0, 0x000000000384be58]
Event: 16.394 Thread 0x0000000015766000 2182       3       org.objectweb.asm.SymbolTable::addConstantFieldref (10 bytes)
Event: 16.394 Thread 0x0000000015766000 nmethod 2182 0x0000000003213e50 code [0x0000000003213fc0, 0x0000000003214168]
Event: 16.394 Thread 0x0000000015766000 2180       3       org.objectweb.asm.ClassReader::createDebugLabel (23 bytes)
Event: 16.394 Thread 0x0000000015758800 nmethod 2183 0x0000000003211a10 code [0x0000000003211b60, 0x0000000003211cc8]
Event: 16.394 Thread 0x0000000015766000 nmethod 2180 0x000000000334cc90 code [0x000000000334ce20, 0x000000000334d310]
Event: 16.395 Thread 0x0000000015766000 2184       3       org.objectweb.asm.ClassReader::readClass (7 bytes)
Event: 16.396 Thread 0x0000000015766000 nmethod 2184 0x0000000003239050 code [0x00000000032391e0, 0x00000000032396c8]
Event: 16.396 Thread 0x0000000015766000 2185       3       org.objectweb.asm.ClassReader::readStringish (16 bytes)
Event: 16.396 Thread 0x0000000015766000 nmethod 2185 0x000000000322a8d0 code [0x000000000322aa60, 0x000000000322aee8]

GC Heap History (10 events):
Event: 8.098 GC heap before
{Heap before GC invocations=3 (full 0):
 PSYoungGen      total 38400K, used 38354K [0x00000000eab00000, 0x00000000ed580000, 0x0000000100000000)
  eden space 33280K, 100% used [0x00000000eab00000,0x00000000ecb80000,0x00000000ecb80000)
  from space 5120K, 99% used [0x00000000ed080000,0x00000000ed574b70,0x00000000ed580000)
  to   space 5120K, 0% used [0x00000000ecb80000,0x00000000ecb80000,0x00000000ed080000)
 ParOldGen       total 87552K, used 16K [0x00000000c0000000, 0x00000000c5580000, 0x00000000eab00000)
  object space 87552K, 0% used [0x00000000c0000000,0x00000000c0004000,0x00000000c5580000)
 Metaspace       used 13726K, capacity 13994K, committed 14208K, reserved 1060864K
  class space    used 1978K, capacity 2077K, committed 2176K, reserved 1048576K
Event: 8.115 GC heap after
Heap after GC invocations=3 (full 0):
 PSYoungGen      total 38400K, used 5091K [0x00000000eab00000, 0x00000000ed580000, 0x0000000100000000)
  eden space 33280K, 0% used [0x00000000eab00000,0x00000000eab00000,0x00000000ecb80000)
  from space 5120K, 99% used [0x00000000ecb80000,0x00000000ed078c60,0x00000000ed080000)
  to   space 5120K, 0% used [0x00000000ed080000,0x00000000ed080000,0x00000000ed580000)
 ParOldGen       total 87552K, used 1846K [0x00000000c0000000, 0x00000000c5580000, 0x00000000eab00000)
  object space 87552K, 2% used [0x00000000c0000000,0x00000000c01cd8b0,0x00000000c5580000)
 Metaspace       used 13726K, capacity 13994K, committed 14208K, reserved 1060864K
  class space    used 1978K, capacity 2077K, committed 2176K, reserved 1048576K
}
Event: 10.536 GC heap before
{Heap before GC invocations=4 (full 0):
 PSYoungGen      total 38400K, used 38371K [0x00000000eab00000, 0x00000000ed580000, 0x0000000100000000)
  eden space 33280K, 100% used [0x00000000eab00000,0x00000000ecb80000,0x00000000ecb80000)
  from space 5120K, 99% used [0x00000000ecb80000,0x00000000ed078c60,0x00000000ed080000)
  to   space 5120K, 0% used [0x00000000ed080000,0x00000000ed080000,0x00000000ed580000)
 ParOldGen       total 87552K, used 1846K [0x00000000c0000000, 0x00000000c5580000, 0x00000000eab00000)
  object space 87552K, 2% used [0x00000000c0000000,0x00000000c01cd8b0,0x00000000c5580000)
 Metaspace       used 16865K, capacity 17266K, committed 17536K, reserved 1064960K
  class space    used 2509K, capacity 2655K, committed 2688K, reserved 1048576K
Event: 10.548 GC heap after
Heap after GC invocations=4 (full 0):
 PSYoungGen      total 38400K, used 5120K [0x00000000eab00000, 0x00000000ed580000, 0x0000000100000000)
  eden space 33280K, 0% used [0x00000000eab00000,0x00000000eab00000,0x00000000ecb80000)
  from space 5120K, 100% used [0x00000000ed080000,0x00000000ed580000,0x00000000ed580000)
  to   space 5120K, 0% used [0x00000000ecb80000,0x00000000ecb80000,0x00000000ed080000)
 ParOldGen       total 87552K, used 4956K [0x00000000c0000000, 0x00000000c5580000, 0x00000000eab00000)
  object space 87552K, 5% used [0x00000000c0000000,0x00000000c04d7240,0x00000000c5580000)
 Metaspace       used 16865K, capacity 17266K, committed 17536K, reserved 1064960K
  class space    used 2509K, capacity 2655K, committed 2688K, reserved 1048576K
}
Event: 13.085 GC heap before
{Heap before GC invocations=5 (full 0):
 PSYoungGen      total 38400K, used 29018K [0x00000000eab00000, 0x00000000ed580000, 0x0000000100000000)
  eden space 33280K, 71% used [0x00000000eab00000,0x00000000ec2569a0,0x00000000ecb80000)
  from space 5120K, 100% used [0x00000000ed080000,0x00000000ed580000,0x00000000ed580000)
  to   space 5120K, 0% used [0x00000000ecb80000,0x00000000ecb80000,0x00000000ed080000)
 ParOldGen       total 87552K, used 4956K [0x00000000c0000000, 0x00000000c5580000, 0x00000000eab00000)
  object space 87552K, 5% used [0x00000000c0000000,0x00000000c04d7240,0x00000000c5580000)
 Metaspace       used 20833K, capacity 21078K, committed 21296K, reserved 1067008K
  class space    used 3004K, capacity 3110K, committed 3200K, reserved 1048576K
Event: 13.106 GC heap after
Heap after GC invocations=5 (full 0):
 PSYoungGen      total 37888K, used 5092K [0x00000000eab00000, 0x00000000ee000000, 0x0000000100000000)
  eden space 32768K, 0% used [0x00000000eab00000,0x00000000eab00000,0x00000000ecb00000)
  from space 5120K, 99% used [0x00000000ecb80000,0x00000000ed079050,0x00000000ed080000)
  to   space 10752K, 0% used [0x00000000ed580000,0x00000000ed580000,0x00000000ee000000)
 ParOldGen       total 87552K, used 8442K [0x00000000c0000000, 0x00000000c5580000, 0x00000000eab00000)
  object space 87552K, 9% used [0x00000000c0000000,0x00000000c083e980,0x00000000c5580000)
 Metaspace       used 20833K, capacity 21078K, committed 21296K, reserved 1067008K
  class space    used 3004K, capacity 3110K, committed 3200K, reserved 1048576K
}
Event: 13.106 GC heap before
{Heap before GC invocations=6 (full 1):
 PSYoungGen      total 37888K, used 5092K [0x00000000eab00000, 0x00000000ee000000, 0x0000000100000000)
  eden space 32768K, 0% used [0x00000000eab00000,0x00000000eab00000,0x00000000ecb00000)
  from space 5120K, 99% used [0x00000000ecb80000,0x00000000ed079050,0x00000000ed080000)
  to   space 10752K, 0% used [0x00000000ed580000,0x00000000ed580000,0x00000000ee000000)
 ParOldGen       total 87552K, used 8442K [0x00000000c0000000, 0x00000000c5580000, 0x00000000eab00000)
  object space 87552K, 9% used [0x00000000c0000000,0x00000000c083e980,0x00000000c5580000)
 Metaspace       used 20833K, capacity 21078K, committed 21296K, reserved 1067008K
  class space    used 3004K, capacity 3110K, committed 3200K, reserved 1048576K
Event: 13.248 GC heap after
Heap after GC invocations=6 (full 1):
 PSYoungGen      total 37888K, used 0K [0x00000000eab00000, 0x00000000ee000000, 0x0000000100000000)
  eden space 32768K, 0% used [0x00000000eab00000,0x00000000eab00000,0x00000000ecb00000)
  from space 5120K, 0% used [0x00000000ecb80000,0x00000000ecb80000,0x00000000ed080000)
  to   space 10752K, 0% used [0x00000000ed580000,0x00000000ed580000,0x00000000ee000000)
 ParOldGen       total 68096K, used 8671K [0x00000000c0000000, 0x00000000c4280000, 0x00000000eab00000)
  object space 68096K, 12% used [0x00000000c0000000,0x00000000c0877cb8,0x00000000c4280000)
 Metaspace       used 20833K, capacity 21078K, committed 21296K, reserved 1067008K
  class space    used 3004K, capacity 3110K, committed 3200K, reserved 1048576K
}
Event: 14.911 GC heap before
{Heap before GC invocations=7 (full 1):
 PSYoungGen      total 37888K, used 32768K [0x00000000eab00000, 0x00000000ee000000, 0x0000000100000000)
  eden space 32768K, 100% used [0x00000000eab00000,0x00000000ecb00000,0x00000000ecb00000)
  from space 5120K, 0% used [0x00000000ecb80000,0x00000000ecb80000,0x00000000ed080000)
  to   space 10752K, 0% used [0x00000000ed580000,0x00000000ed580000,0x00000000ee000000)
 ParOldGen       total 68096K, used 8671K [0x00000000c0000000, 0x00000000c4280000, 0x00000000eab00000)
  object space 68096K, 12% used [0x00000000c0000000,0x00000000c0877cb8,0x00000000c4280000)
 Metaspace       used 23968K, capacity 24326K, committed 24576K, reserved 1071104K
  class space    used 3383K, capacity 3503K, committed 3584K, reserved 1048576K
Event: 14.935 GC heap after
Heap after GC invocations=7 (full 1):
 PSYoungGen      total 43520K, used 3706K [0x00000000eab00000, 0x00000000eed80000, 0x0000000100000000)
  eden space 32768K, 0% used [0x00000000eab00000,0x00000000eab00000,0x00000000ecb00000)
  from space 10752K, 34% used [0x00000000ed580000,0x00000000ed91e8b8,0x00000000ee000000)
  to   space 10752K, 0% used [0x00000000ecb00000,0x00000000ecb00000,0x00000000ed580000)
 ParOldGen       total 68096K, used 8679K [0x00000000c0000000, 0x00000000c4280000, 0x00000000eab00000)
  object space 68096K, 12% used [0x00000000c0000000,0x00000000c0879cb8,0x00000000c4280000)
 Metaspace       used 23968K, capacity 24326K, committed 24576K, reserved 1071104K
  class space    used 3383K, capacity 3503K, committed 3584K, reserved 1048576K
}

Deoptimization events (10 events):
Event: 10.979 Thread 0x0000000017bb0000 Uncommon trap: reason=unstable_if action=reinterpret pc=0x00000000032add00 method=java.lang.AbstractStringBuilder.append(Ljava/lang/String;)Ljava/lang/AbstractStringBuilder; @ 1
Event: 11.602 Thread 0x0000000017bb0000 Uncommon trap: reason=class_check action=maybe_recompile pc=0x0000000003270558 method=sun.misc.URLClassPath.getLoader(I)Lsun/misc/URLClassPath$Loader; @ 94
Event: 11.602 Thread 0x0000000017bb0000 Uncommon trap: reason=class_check action=maybe_recompile pc=0x0000000003528bd8 method=sun.misc.URLClassPath.getResource(Ljava/lang/String;Z)Lsun/misc/Resource; @ 62
Event: 11.666 Thread 0x0000000017bb0000 Uncommon trap: reason=unstable_if action=reinterpret pc=0x00000000034fd444 method=java.lang.ClassLoader.getClassLoadingLock(Ljava/lang/String;)Ljava/lang/Object; @ 6
Event: 13.249 Thread 0x0000000002ff2000 Uncommon trap: reason=unstable_if action=reinterpret pc=0x000000000356cd7c method=java.lang.ref.Reference.tryHandlePending(Z)Z @ 104
Event: 14.707 Thread 0x0000000017bb0000 Uncommon trap: reason=unstable_if action=reinterpret pc=0x00000000035066a0 method=java.util.HashMap.hash(Ljava/lang/Object;)I @ 1
Event: 15.033 Thread 0x0000000017bb0000 Uncommon trap: reason=unstable_if action=reinterpret pc=0x000000000330f044 method=java.util.HashMap.getNode(ILjava/lang/Object;)Ljava/util/HashMap$Node; @ 53
Event: 15.036 Thread 0x0000000017bb0000 Uncommon trap: reason=unstable_if action=reinterpret pc=0x00000000034dac1c method=java.util.HashMap.hash(Ljava/lang/Object;)I @ 1
Event: 15.036 Thread 0x0000000017bb0000 Uncommon trap: reason=unstable_if action=reinterpret pc=0x00000000034d8ac0 method=java.util.HashMap.putVal(ILjava/lang/Object;Ljava/lang/Object;ZZ)Ljava/lang/Object; @ 85
Event: 15.111 Thread 0x0000000017bb0000 Uncommon trap: reason=unstable_if action=reinterpret pc=0x0000000003362670 method=java.util.LinkedHashMap.afterNodeInsertion(Z)V @ 1

Classes redefined (0 events):
No events

Internal exceptions (10 events):
Event: 15.994 Thread 0x0000000017bb0000 Exception <a 'java/lang/ClassNotFoundException': org/gradle/api/internal/DefaultNamedDomainObjectCollectionBeanInfo> (0x00000000eb3972e8) thrown at [C:\re\workspace\8-2-build-windows-amd64-cygwin\jdk8u181\11358\hotspot\src\share\vm\classfile\systemDiction
Event: 16.010 Thread 0x0000000017bb0000 Exception <a 'java/lang/ClassNotFoundException': org/gradle/api/internal/DefaultDomainObjectCollectionBeanInfo> (0x00000000eb3af128) thrown at [C:\re\workspace\8-2-build-windows-amd64-cygwin\jdk8u181\11358\hotspot\src\share\vm\classfile\systemDictionary.c
Event: 16.010 Thread 0x0000000017bb0000 Exception <a 'java/lang/ClassNotFoundException': java/util/AbstractCollectionBeanInfo> (0x00000000eb3b8af8) thrown at [C:\re\workspace\8-2-build-windows-amd64-cygwin\jdk8u181\11358\hotspot\src\share\vm\classfile\systemDictionary.cpp, line 210]
Event: 16.011 Thread 0x0000000017bb0000 Exception <a 'java/lang/ClassNotFoundException': java/util/AbstractCollectionCustomizer> (0x00000000eb3c2720) thrown at [C:\re\workspace\8-2-build-windows-amd64-cygwin\jdk8u181\11358\hotspot\src\share\vm\classfile\systemDictionary.cpp, line 210]
Event: 16.037 Thread 0x0000000017bb0000 Exception <a 'java/lang/ClassNotFoundException': org/gradle/api/internal/DefaultDomainObjectCollectionCustomizer> (0x00000000eb3e7260) thrown at [C:\re\workspace\8-2-build-windows-amd64-cygwin\jdk8u181\11358\hotspot\src\share\vm\classfile\systemDictionary
Event: 16.049 Thread 0x0000000017bb0000 Exception <a 'java/lang/ClassNotFoundException': org/gradle/api/internal/DefaultNamedDomainObjectCollectionCustomizer> (0x00000000eb429f38) thrown at [C:\re\workspace\8-2-build-windows-amd64-cygwin\jdk8u181\11358\hotspot\src\share\vm\classfile\systemDicti
Event: 16.056 Thread 0x0000000017bb0000 Exception <a 'java/lang/ClassNotFoundException': org/gradle/api/internal/DefaultNamedDomainObjectSetCustomizer> (0x00000000eb484690) thrown at [C:\re\workspace\8-2-build-windows-amd64-cygwin\jdk8u181\11358\hotspot\src\share\vm\classfile\systemDictionary.c
Event: 16.061 Thread 0x0000000017bb0000 Exception <a 'java/lang/ClassNotFoundException': org/gradle/api/internal/tasks/DefaultTaskCollectionCustomizer> (0x00000000eb4ba690) thrown at [C:\re\workspace\8-2-build-windows-amd64-cygwin\jdk8u181\11358\hotspot\src\share\vm\classfile\systemDictionary.c
Event: 16.074 Thread 0x0000000017bb0000 Exception <a 'java/lang/ClassNotFoundException': org/gradle/api/internal/tasks/DefaultTaskContainerCustomizer> (0x00000000eb4f82c0) thrown at [C:\re\workspace\8-2-build-windows-amd64-cygwin\jdk8u181\11358\hotspot\src\share\vm\classfile\systemDictionary.cp
Event: 16.097 Thread 0x0000000017bb0000 Exception <a 'java/lang/ClassNotFoundException': org/gradle/api/internal/tasks/DefaultTaskContainer_DecoratedCustomizer> (0x00000000eb569b88) thrown at [C:\re\workspace\8-2-build-windows-amd64-cygwin\jdk8u181\11358\hotspot\src\share\vm\classfile\systemDic

Events (10 events):
Event: 16.397 loading class org/gradle/plugins/ide/eclipse/model/SourceFolder
Event: 16.397 loading class org/gradle/plugins/ide/eclipse/model/SourceFolder done
Event: 16.397 loading class org/gradle/plugins/ide/eclipse/model/Container
Event: 16.397 loading class org/gradle/plugins/ide/eclipse/model/Container done
Event: 16.398 loading class org/gradle/plugins/ide/internal/tooling/GradleBuildBuilder
Event: 16.398 loading class org/gradle/plugins/ide/internal/tooling/GradleBuildBuilder done
Event: 16.398 loading class org/gradle/tooling/internal/gradle/PartialBasicGradleProject
Event: 16.398 loading class org/gradle/tooling/internal/gradle/PartialBasicGradleProject done
Event: 16.399 loading class org/gradle/tooling/internal/gradle/BasicGradleProject
Event: 16.399 loading class org/gradle/tooling/internal/gradle/BasicGradleProject done


Dynamic libraries:
0x00007ff6654e0000 - 0x00007ff665517000 	C:\Program Files\Java\jdk1.8.0_181\bin\java.exe
0x00007ffadc570000 - 0x00007ffadc751000 	C:\WINDOWS\SYSTEM32\ntdll.dll
0x00007ffadc2f0000 - 0x00007ffadc3a2000 	C:\WINDOWS\System32\KERNEL32.DLL
0x00007ffad94c0000 - 0x00007ffad9733000 	C:\WINDOWS\System32\KERNELBASE.dll
0x00007ffadb910000 - 0x00007ffadb9b1000 	C:\WINDOWS\System32\ADVAPI32.dll
0x00007ffadbbd0000 - 0x00007ffadbc6e000 	C:\WINDOWS\System32\msvcrt.dll
0x00007ffadbc70000 - 0x00007ffadbccb000 	C:\WINDOWS\System32\sechost.dll
0x00007ffad9e90000 - 0x00007ffad9fb4000 	C:\WINDOWS\System32\RPCRT4.dll
0x00007ffadbcd0000 - 0x00007ffadbe60000 	C:\WINDOWS\System32\USER32.dll
0x00007ffad8a50000 - 0x00007ffad8a70000 	C:\WINDOWS\System32\win32u.dll
0x00007ffada4a0000 - 0x00007ffada4c8000 	C:\WINDOWS\System32\GDI32.dll
0x00007ffad9860000 - 0x00007ffad99f2000 	C:\WINDOWS\System32\gdi32full.dll
0x00007ffad9740000 - 0x00007ffad97df000 	C:\WINDOWS\System32\msvcp_win.dll
0x00007ffad8a70000 - 0x00007ffad8b6a000 	C:\WINDOWS\System32\ucrtbase.dll
0x00007ffacedb0000 - 0x00007ffacf019000 	C:\WINDOWS\WinSxS\amd64_microsoft.windows.common-controls_6595b64144ccf1df_6.0.17134.228_none_fb4599993062b194\COMCTL32.dll
0x00007ffad9b60000 - 0x00007ffad9e83000 	C:\WINDOWS\System32\combase.dll
0x00007ffad97e0000 - 0x00007ffad985a000 	C:\WINDOWS\System32\bcryptPrimitives.dll
0x00007ffadbba0000 - 0x00007ffadbbcd000 	C:\WINDOWS\System32\IMM32.DLL
0x0000000052ea0000 - 0x0000000052f72000 	C:\Program Files\Java\jdk1.8.0_181\jre\bin\msvcr100.dll
0x0000000050810000 - 0x00000000510b2000 	C:\Program Files\Java\jdk1.8.0_181\jre\bin\server\jvm.dll
0x00007ffada490000 - 0x00007ffada498000 	C:\WINDOWS\System32\PSAPI.DLL
0x00007ffad2310000 - 0x00007ffad231a000 	C:\WINDOWS\SYSTEM32\VERSION.dll
0x00007ffad3910000 - 0x00007ffad3933000 	C:\WINDOWS\SYSTEM32\WINMM.dll
0x00007ffab8750000 - 0x00007ffab8759000 	C:\WINDOWS\SYSTEM32\WSOCK32.dll
0x00007ffadc420000 - 0x00007ffadc48c000 	C:\WINDOWS\System32\WS2_32.dll
0x00007ffad38e0000 - 0x00007ffad390a000 	C:\WINDOWS\SYSTEM32\WINMMBASE.dll
0x00007ffad9280000 - 0x00007ffad92c9000 	C:\WINDOWS\System32\cfgmgr32.dll
0x0000000052e90000 - 0x0000000052e9f000 	C:\Program Files\Java\jdk1.8.0_181\jre\bin\verify.dll
0x0000000052e60000 - 0x0000000052e89000 	C:\Program Files\Java\jdk1.8.0_181\jre\bin\java.dll
0x0000000052e40000 - 0x0000000052e56000 	C:\Program Files\Java\jdk1.8.0_181\jre\bin\zip.dll
0x00007ffada4d0000 - 0x00007ffadb910000 	C:\WINDOWS\System32\SHELL32.dll
0x00007ffadc490000 - 0x00007ffadc539000 	C:\WINDOWS\System32\shcore.dll
0x00007ffad8b70000 - 0x00007ffad927d000 	C:\WINDOWS\System32\windows.storage.dll
0x00007ffadb9c0000 - 0x00007ffadba11000 	C:\WINDOWS\System32\shlwapi.dll
0x00007ffad8880000 - 0x00007ffad8891000 	C:\WINDOWS\System32\kernel.appcore.dll
0x00007ffad8920000 - 0x00007ffad893f000 	C:\WINDOWS\System32\profapi.dll
0x00007ffad88d0000 - 0x00007ffad891c000 	C:\WINDOWS\System32\powrprof.dll
0x00007ffad88c0000 - 0x00007ffad88ca000 	C:\WINDOWS\System32\FLTLIB.DLL
0x0000000052e20000 - 0x0000000052e3a000 	C:\Program Files\Java\jdk1.8.0_181\jre\bin\net.dll
0x00007ffad80a0000 - 0x00007ffad8106000 	C:\WINDOWS\system32\mswsock.dll
0x0000000052e00000 - 0x0000000052e11000 	C:\Program Files\Java\jdk1.8.0_181\jre\bin\nio.dll
0x00007ffac5750000 - 0x00007ffac576e000 	C:\Users\MetalStyler\.gradle\native\25\windows-amd64\native-platform.dll
0x0000000052df0000 - 0x0000000052dfd000 	C:\Program Files\Java\jdk1.8.0_181\jre\bin\management.dll
0x00007ffad82b0000 - 0x00007ffad82c7000 	C:\WINDOWS\SYSTEM32\CRYPTSP.dll
0x00007ffad7c80000 - 0x00007ffad7cb3000 	C:\WINDOWS\system32\rsaenh.dll
0x00007ffad83e0000 - 0x00007ffad8405000 	C:\WINDOWS\SYSTEM32\bcrypt.dll
0x00007ffad8780000 - 0x00007ffad87a8000 	C:\WINDOWS\SYSTEM32\USERENV.dll
0x00007ffad82d0000 - 0x00007ffad82db000 	C:\WINDOWS\SYSTEM32\CRYPTBASE.dll
0x00007ffad7e20000 - 0x00007ffad7e58000 	C:\WINDOWS\SYSTEM32\IPHLPAPI.DLL
0x00007ffadbf30000 - 0x00007ffadbf38000 	C:\WINDOWS\System32\NSI.dll
0x00007ffad1900000 - 0x00007ffad1916000 	C:\WINDOWS\SYSTEM32\dhcpcsvc6.DLL
0x00007ffad1a70000 - 0x00007ffad1a8a000 	C:\WINDOWS\SYSTEM32\dhcpcsvc.DLL

VM Arguments:
jvm_args: -XX:+HeapDumpOnOutOfMemoryError -Xmx1024m -Dfile.encoding=windows-1251 -Duser.country=RU -Duser.language=ru -Duser.variant 
java_command: org.gradle.launcher.daemon.bootstrap.GradleDaemon 4.9
java_class_path (initial): C:\Users\MetalStyler\.gradle\wrapper\dists\gradle-4.9-all\491wbe0x5d54n9cojs2p0zv90\gradle-4.9\lib\gradle-launcher-4.9.jar
Launcher Type: SUN_STANDARD

Environment Variables:
JAVA_HOME=C:\Program Files\Java\jdk1.8.0_181
PATH=C:\Program Files (x86)\Common Files\Oracle\Java\javapath;C:\Program Files (x86)\Intel\iCLS Client\;C:\app\MetalStyler\product\11.2.0\client_1\bin;C:\app\MetalStyler\product\11.2.0\dbhome_1\bin;C:\ProgramData\Oracle\Java\javapath;C:\Program Files\Intel\iCLS Client\;C:\WINDOWS\system32;C:\WINDOWS;C:\WINDOWS\System32\Wbem;C:\WINDOWS\System32\WindowsPowerShell\v1.0\;C:\Program Files\Intel\WiFi\bin\;C:\Program Files\Common Files\Intel\WirelessCommon\;C:\Program Files\Git\cmd;C:\Program Files (x86)\Intel\Intel(R) Management Engine Components\DAL;C:\Program Files\Intel\Intel(R) Management Engine Components\DAL;C:\Program Files (x86)\Intel\Intel(R) Management Engine Components\IPT;C:\Program Files\Intel\Intel(R) Management Engine Components\IPT;C:\WINDOWS\System32\OpenSSH\;C:\Program Files\Java\jdk1.8.0_181\bin;C:\Users\MetalStyler\AppData\Local\Programs\Python\Python36-32\Scripts\;C:\Users\MetalStyler\AppData\Local\Programs\Python\Python36-32\;C:\Users\MetalStyler\AppData\Local\Microsoft\WindowsApps;C:\Users\MetalStyler\AppData\Local\GitHubDesktop\bin
USERNAME=MetalStyler
OS=Windows_NT
PROCESSOR_IDENTIFIER=Intel64 Family 6 Model 142 Stepping 9, GenuineIntel



---------------  S Y S T E M  ---------------

OS: Windows 10.0 , 64 bit Build 17134 (10.0.17134.1)

CPU:total 4 (initial active 4) (2 cores per cpu, 2 threads per core) family 6 model 142 stepping 9, cmov, cx8, fxsr, mmx, sse, sse2, sse3, ssse3, sse4.1, sse4.2, popcnt, avx, avx2, aes, clmul, erms, 3dnowpref, lzcnt, ht, tsc, tscinvbit, bmi1, bmi2, adx

Memory: 4k page, physical 8283776k(1624912k free), swap 10331716k(5132k free)

vm_info: Java HotSpot(TM) 64-Bit Server VM (25.181-b13) for windows-amd64 JRE (1.8.0_181-b13), built on Jul  7 2018 04:01:33 by "java_re" with MS VC++ 10.0 (VS2010)

time: Tue Sep 04 10:32:13 2018
elapsed time: 16 seconds (0d 0h 0m 16s)

